Start testing: Sep 15 19:05 SE Asia Standard Time
----------------------------------------------------------
1/1 Testing: worker_lifecycle
1/1 Test: worker_lifecycle
Command: "C:/Users/Lee/Desktop/Converter/cpp_engine/build/Release/worker_tests.exe"
Directory: C:/Users/Lee/Desktop/Converter/cpp_engine/build
"worker_lifecycle" start time: Sep 15 19:05 SE Asia Standard Time
Output:
----------------------------------------------------------
Handles before=84 after=84
Worker lifecycle and bounded log tests passed
<end of output>
Test time =   0.57 sec
----------------------------------------------------------
Test Passed.
"worker_lifecycle" end time: Sep 15 19:05 SE Asia Standard Time
"worker_lifecycle" time elapsed: 00:00:00
----------------------------------------------------------

End testing: Sep 15 19:05 SE Asia Standard Time
